<?xml version="1.0" encoding="UTF-8"?>
<!-- Generated by org.testng.reporters.JUnitReportReporter -->
<testsuite hostname="Vinay_CS" failures="0" tests="1" name="testCases.TC_LogIn" time="3.722" errors="0" timestamp="2025-05-21T00:27:35 IST" skipped="0">
  <testcase classname="testCases.TC_LogIn" name="empty_field" time="3.722"/>
</testsuite> <!-- testCases.TC_LogIn -->
