<?xml version="1.0" encoding="UTF-8"?>
<!-- Generated by org.testng.reporters.JUnitReportReporter -->
<testsuite hostname="Vinay_CS" failures="0" tests="1" name="testCases.Tc_002_LoginTest" time="1.303" errors="0" timestamp="2025-05-25T15:08:11 IST" skipped="0">
  <testcase classname="testCases.Tc_002_LoginTest" name="verify_login" time="1.303"/>
</testsuite> <!-- testCases.Tc_002_LoginTest -->
