<?xml version="1.0" encoding="UTF-8"?>
<!-- Generated by org.testng.reporters.JUnitReportReporter -->
<testsuite hostname="Vinay_CS" failures="0" tests="1" name="testCases.Tc_001_AccountRegistrationPage" time="4.142" errors="0" timestamp="2025-05-08T23:30:49 IST" skipped="0">
  <testcase classname="testCases.Tc_001_AccountRegistrationPage" name="verify_account_regstration" time="4.142"/>
</testsuite> <!-- testCases.Tc_001_AccountRegistrationPage -->
